<?xml version="1.0" encoding="UTF-8"?>
<testsuite name="CurrencyConverter.CurrencyConverterTest" time="11.088" tests="13" errors="0" skipped="0" failures="0">
  <properties>
    <property name="java.runtime.name" value="Java(TM) SE Runtime Environment"/>
    <property name="sun.boot.library.path" value="/usr/lib/jvm/java-8-oracle/jre/lib/amd64"/>
    <property name="java.vm.version" value="25.131-b11"/>
    <property name="java.vm.vendor" value="Oracle Corporation"/>
    <property name="java.vendor.url" value="http://java.oracle.com/"/>
    <property name="path.separator" value=":"/>
    <property name="guice.disable.misplaced.annotation.check" value="true"/>
    <property name="java.vm.name" value="Java HotSpot(TM) 64-Bit Server VM"/>
    <property name="file.encoding.pkg" value="sun.io"/>
    <property name="user.country" value="US"/>
    <property name="sun.java.launcher" value="SUN_STANDARD"/>
    <property name="sun.os.patch.level" value="unknown"/>
    <property name="java.vm.specification.name" value="Java Virtual Machine Specification"/>
    <property name="user.dir" value="/home/sa/Workspace/jidea/CurrencyConverterTest"/>
    <property name="java.runtime.version" value="1.8.0_131-b11"/>
    <property name="java.awt.graphicsenv" value="sun.awt.X11GraphicsEnvironment"/>
    <property name="java.endorsed.dirs" value="/usr/lib/jvm/java-8-oracle/jre/lib/endorsed"/>
    <property name="os.arch" value="amd64"/>
    <property name="java.io.tmpdir" value="/tmp"/>
    <property name="line.separator" value="&#10;"/>
    <property name="java.vm.specification.vendor" value="Oracle Corporation"/>
    <property name="os.name" value="Linux"/>
    <property name="classworlds.conf" value="/usr/share/maven/bin/m2.conf"/>
    <property name="sun.jnu.encoding" value="UTF-8"/>
    <property name="java.library.path" value="/home/sa/Soft/idea-IC-171.4424.56/bin::/usr/java/packages/lib/amd64:/usr/lib64:/lib64:/lib:/usr/lib"/>
    <property name="java.specification.name" value="Java Platform API Specification"/>
    <property name="java.class.version" value="52.0"/>
    <property name="sun.management.compiler" value="HotSpot 64-Bit Tiered Compilers"/>
    <property name="os.version" value="4.4.0-87-generic"/>
    <property name="user.home" value="/home/sa"/>
    <property name="user.timezone" value="Europe/Moscow"/>
    <property name="java.awt.printerjob" value="sun.print.PSPrinterJob"/>
    <property name="file.encoding" value="UTF-8"/>
    <property name="java.specification.version" value="1.8"/>
    <property name="user.name" value="sa"/>
    <property name="java.class.path" value="/usr/share/maven/boot/plexus-classworlds-2.x.jar"/>
    <property name="java.vm.specification.version" value="1.8"/>
    <property name="sun.arch.data.model" value="64"/>
    <property name="java.home" value="/usr/lib/jvm/java-8-oracle/jre"/>
    <property name="sun.java.command" value="org.codehaus.plexus.classworlds.launcher.Launcher clean test site"/>
    <property name="java.specification.vendor" value="Oracle Corporation"/>
    <property name="user.language" value="en"/>
    <property name="awt.toolkit" value="sun.awt.X11.XToolkit"/>
    <property name="java.vm.info" value="mixed mode"/>
    <property name="java.version" value="1.8.0_131"/>
    <property name="java.ext.dirs" value="/usr/lib/jvm/java-8-oracle/jre/lib/ext:/usr/java/packages/lib/ext"/>
    <property name="securerandom.source" value="file:/dev/./urandom"/>
    <property name="sun.boot.class.path" value="/usr/lib/jvm/java-8-oracle/jre/lib/resources.jar:/usr/lib/jvm/java-8-oracle/jre/lib/rt.jar:/usr/lib/jvm/java-8-oracle/jre/lib/sunrsasign.jar:/usr/lib/jvm/java-8-oracle/jre/lib/jsse.jar:/usr/lib/jvm/java-8-oracle/jre/lib/jce.jar:/usr/lib/jvm/java-8-oracle/jre/lib/charsets.jar:/usr/lib/jvm/java-8-oracle/jre/lib/jfr.jar:/usr/lib/jvm/java-8-oracle/jre/classes"/>
    <property name="java.vendor" value="Oracle Corporation"/>
    <property name="maven.home" value="/usr/share/maven"/>
    <property name="file.separator" value="/"/>
    <property name="java.vendor.url.bug" value="http://bugreport.sun.com/bugreport/"/>
    <property name="sun.cpu.endian" value="little"/>
    <property name="sun.io.unicode.encoding" value="UnicodeLittle"/>
    <property name="sun.desktop" value="gnome"/>
    <property name="sun.cpu.isalist" value=""/>
  </properties>
  <testcase name="testInputFieldForDifferentValues(1,  1) [0]" classname="CurrencyConverter.CurrencyConverterTest" time="3.837"/>
  <testcase name="testInputFieldForDifferentValues(-1, 1) [1]" classname="CurrencyConverter.CurrencyConverterTest" time="0.593"/>
  <testcase name="testInputFieldForDifferentValues(1.0,    1.0) [2]" classname="CurrencyConverter.CurrencyConverterTest" time="0.514"/>
  <testcase name="testInputFieldForDifferentValues(1\,0,   1\,0) [3]" classname="CurrencyConverter.CurrencyConverterTest" time="0.447"/>
  <testcase name="testInputFieldForDifferentValues(1.00,   1.00) [4]" classname="CurrencyConverter.CurrencyConverterTest" time="0.43"/>
  <testcase name="testInputFieldForDifferentValues(1\,00,  1\,00) [5]" classname="CurrencyConverter.CurrencyConverterTest" time="0.464"/>
  <testcase name="testInputFieldForDifferentValues(-234.234,   234.23) [6]" classname="CurrencyConverter.CurrencyConverterTest" time="0.525"/>
  <testcase name="testInputFieldForDifferentValues(a243.i456,  243.45) [7]" classname="CurrencyConverter.CurrencyConverterTest" time="0.539"/>
  <testcase name="testInputFieldForDifferentValues(999999999999,   999 999 999 999) [8]" classname="CurrencyConverter.CurrencyConverterTest" time="0.575"/>
  <testcase name="testInputFieldForDifferentValues(0003\,54aoi\,,  0 003\,54) [9]" classname="CurrencyConverter.CurrencyConverterTest" time="0.615"/>
  <testcase name="testInputFieldForDifferentValues(0\,aoe2534aoip2.2,  0\,25) [10]" classname="CurrencyConverter.CurrencyConverterTest" time="0.678"/>
  <testcase name="testInputFieldForDifferentValues(999999999999.999999999, 999 999 999 999.99) [11]" classname="CurrencyConverter.CurrencyConverterTest" time="0.719"/>
  <testcase name="testInputFieldForDifferentValues(u4398uh342\,\,\,2342\,234ia.\,234iu,    4 398 342\,23) [12]" classname="CurrencyConverter.CurrencyConverterTest" time="1.152"/>
</testsuite>